[2018-12-15 19:41:15.979] [sharedprocess] [info] main {"machineId":"4bdb8d7b19c5cb9494144abd9b41f239f902356e82df9543977976eb05d35d31"}
[2018-12-15 19:41:16.040] [sharedprocess] [info] Scanned user extensions: 1
[2018-12-15 19:41:16.063] [sharedprocess] [info] Scanned user extensions: 1
[2018-12-15 19:41:16.065] [sharedprocess] [info] Scanned user extensions: 1
[2018-12-15 19:41:16.075] [sharedprocess] [info] Scanned user extensions: 1
[2018-12-15 19:41:16.117] [sharedprocess] [info] Scanned system extensions: 71
[2018-12-15 19:41:16.120] [sharedprocess] [info] Scanned system extensions: 71
[2018-12-15 19:41:16.123] [sharedprocess] [info] Scanned system extensions: 71
[2018-12-15 19:41:55.986] [sharedprocess] [info] Starting to clean up unused language packs.
[2018-12-15 19:46:14.698] [sharedprocess] [info] Scanned user extensions: 1
[2018-12-15 19:51:15.538] [sharedprocess] [info] Scanned user extensions: 1
[2018-12-15 19:56:22.485] [sharedprocess] [info] Scanned user extensions: 1
[2018-12-15 20:01:22.503] [sharedprocess] [info] Scanned user extensions: 1
[2018-12-15 20:06:22.520] [sharedprocess] [info] Scanned user extensions: 1
[2018-12-15 20:11:23.319] [sharedprocess] [info] Scanned user extensions: 1
[2018-12-15 20:16:23.829] [sharedprocess] [info] Scanned user extensions: 1
[2018-12-15 20:21:23.230] [sharedprocess] [info] Scanned user extensions: 1
[2018-12-15 20:26:24.253] [sharedprocess] [info] Scanned user extensions: 1
[2018-12-15 20:31:24.269] [sharedprocess] [info] Scanned user extensions: 1
[2018-12-15 20:36:24.284] [sharedprocess] [info] Scanned user extensions: 1
[2018-12-15 20:41:25.948] [sharedprocess] [info] Scanned user extensions: 1
[2018-12-15 20:43:28.912] [sharedprocess] [info] Scanned user extensions: 1
[2018-12-15 20:43:28.955] [sharedprocess] [info] Scanned system extensions: 71
[2018-12-15 20:43:29.376] [sharedprocess] [info] Scanned user extensions: 1
[2018-12-15 20:43:33.691] [sharedprocess] [info] Installing extension: python
[2018-12-15 20:43:33.694] [sharedprocess] [info] Scanned user extensions: 1
