Starting Jedi Python language engine.
##########Linting Output - pylint##########
##########Linting Output - pylint##########

------------------------------------
Your code has been rated at 10.00/10

##########Linting Output - pylint##########

--------------------------------------------------------------------
Your code has been rated at 10.00/10 (previous run: 10.00/10, +0.00)

##########Linting Output - pylint##########
************* Module temp
4,4,warning,W0612:Unused variable 'x'
5,4,warning,W0612:Unused variable 'r'

-------------------------------------------------------------------
Your code has been rated at 5.00/10 (previous run: 10.00/10, -5.00)

##########Linting Output - pylint##########
************* Module temp
4,4,warning,W0612:Unused variable 'x'

------------------------------------------------------------------
Your code has been rated at 8.00/10 (previous run: 5.00/10, +3.00)

##########Linting Output - pylint##########

-------------------------------------------------------------------
Your code has been rated at 10.00/10 (previous run: 8.00/10, +2.00)

##########Linting Output - pylint##########

--------------------------------------------------------------------
Your code has been rated at 10.00/10 (previous run: 10.00/10, +0.00)

##########Linting Output - pylint##########

--------------------------------------------------------------------
Your code has been rated at 10.00/10 (previous run: 10.00/10, +0.00)

##########Linting Output - pylint##########

--------------------------------------------------------------------
Your code has been rated at 10.00/10 (previous run: 10.00/10, +0.00)

##########Linting Output - pylint##########

--------------------------------------------------------------------
Your code has been rated at 10.00/10 (previous run: 10.00/10, +0.00)

##########Linting Output - pylint##########
************* Module temp
5,0,error,E0001:invalid syntax (<unknown>, line 5)
##########Linting Output - pylint##########

--------------------------------------------------------------------
Your code has been rated at 10.00/10 (previous run: 10.00/10, +0.00)

##########Linting Output - pylint##########

--------------------------------------------------------------------
Your code has been rated at 10.00/10 (previous run: 10.00/10, +0.00)

##########Linting Output - pylint##########
************* Module temp
5,17,error,E1102:2 is not callable

-------------------------------------------------------------------
Your code has been rated at 3.75/10 (previous run: 10.00/10, -6.25)

##########Linting Output - pylint##########
************* Module temp
5,17,error,E1102:2 is not callable

------------------------------------------------------------------
Your code has been rated at 3.75/10 (previous run: 3.75/10, +0.00)

##########Linting Output - pylint##########

-------------------------------------------------------------------
Your code has been rated at 10.00/10 (previous run: 3.75/10, +6.25)

##########Linting Output - pylint##########

--------------------------------------------------------------------
Your code has been rated at 10.00/10 (previous run: 10.00/10, +0.00)

##########Linting Output - pylint##########
************* Module temp
10,0,error,E0001:invalid syntax (<unknown>, line 10)
##########Linting Output - pylint##########

--------------------------------------------------------------------
Your code has been rated at 10.00/10 (previous run: 10.00/10, +0.00)

##########Linting Output - pylint##########

--------------------------------------------------------------------
Your code has been rated at 10.00/10 (previous run: 10.00/10, +0.00)

##########Linting Output - pylint##########

--------------------------------------------------------------------
Your code has been rated at 10.00/10 (previous run: 10.00/10, +0.00)

##########Linting Output - pylint##########

--------------------------------------------------------------------
Your code has been rated at 10.00/10 (previous run: 10.00/10, +0.00)

##########Linting Output - pylint##########

--------------------------------------------------------------------
Your code has been rated at 10.00/10 (previous run: 10.00/10, +0.00)

##########Linting Output - pylint##########
************* Module temp
4,0,error,E0001:invalid syntax (<unknown>, line 4)
##########Linting Output - pylint##########

--------------------------------------------------------------------
Your code has been rated at 10.00/10 (previous run: 10.00/10, +0.00)

##########Linting Output - pylint##########

--------------------------------------------------------------------
Your code has been rated at 10.00/10 (previous run: 10.00/10, +0.00)

##########Linting Output - pylint##########

--------------------------------------------------------------------
Your code has been rated at 10.00/10 (previous run: 10.00/10, +0.00)

##########Linting Output - pylint##########

--------------------------------------------------------------------
Your code has been rated at 10.00/10 (previous run: 10.00/10, +0.00)

##########Linting Output - pylint##########

--------------------------------------------------------------------
Your code has been rated at 10.00/10 (previous run: 10.00/10, +0.00)

##########Linting Output - pylint##########

--------------------------------------------------------------------
Your code has been rated at 10.00/10 (previous run: 10.00/10, +0.00)

